ARM GAS  C:\Users\jisu8\AppData\Local\Temp\ccNRzl4I.s 			page 1


   1              		.cpu cortex-m0
   2              		.eabi_attribute 20, 1
   3              		.eabi_attribute 21, 1
   4              		.eabi_attribute 23, 3
   5              		.eabi_attribute 24, 1
   6              		.eabi_attribute 25, 1
   7              		.eabi_attribute 26, 1
   8              		.eabi_attribute 30, 1
   9              		.eabi_attribute 34, 0
  10              		.eabi_attribute 18, 4
  11              		.file	"switch.c"
  12              		.text
  13              	.Ltext0:
  14              		.cfi_sections	.debug_frame
  15              		.section	.text.Switch_Read,"ax",%progbits
  16              		.align	1
  17              		.global	Switch_Read
  18              		.arch armv6s-m
  19              		.syntax unified
  20              		.code	16
  21              		.thumb_func
  22              		.fpu softvfp
  24              	Switch_Read:
  25              	.LFB40:
  26              		.file 1 "Core/Src/switch.c"
   1:Core/Src/switch.c **** #include "switch.h"
   2:Core/Src/switch.c **** 
   3:Core/Src/switch.c **** uint16 switch_debounce_OnTimer;
   4:Core/Src/switch.c **** uint16 switch_debounce_OffTimer;
   5:Core/Src/switch.c **** uint16 switch_timer;
   6:Core/Src/switch.c **** uint8 switch_status;
   7:Core/Src/switch.c **** uint8 switch_counter;
   8:Core/Src/switch.c **** void Switch_Read(void)
   9:Core/Src/switch.c **** {
  27              		.loc 1 9 1 view -0
  28              		.cfi_startproc
  29              		@ args = 0, pretend = 0, frame = 0
  30              		@ frame_needed = 0, uses_anonymous_args = 0
  31 0000 10B5     		push	{r4, lr}
  32              	.LCFI0:
  33              		.cfi_def_cfa_offset 8
  34              		.cfi_offset 4, -8
  35              		.cfi_offset 14, -4
  10:Core/Src/switch.c ****     static uint8 switch_statusOld;
  36              		.loc 1 10 5 view .LVU1
  11:Core/Src/switch.c ****     uint8 stSwitchloc;
  37              		.loc 1 11 5 view .LVU2
  12:Core/Src/switch.c ****     stSwitchloc = HAL_GPIO_ReadPin(GPIOC,GPIO_PIN_13);
  38              		.loc 1 12 5 view .LVU3
  39              		.loc 1 12 19 is_stmt 0 view .LVU4
  40 0002 8021     		movs	r1, #128
  41 0004 8901     		lsls	r1, r1, #6
  42 0006 2248     		ldr	r0, .L10
  43 0008 FFF7FEFF 		bl	HAL_GPIO_ReadPin
  44              	.LVL0:
  13:Core/Src/switch.c ****     if(1u == stSwitchloc)
  45              		.loc 1 13 5 is_stmt 1 view .LVU5
ARM GAS  C:\Users\jisu8\AppData\Local\Temp\ccNRzl4I.s 			page 2


  46              		.loc 1 13 7 is_stmt 0 view .LVU6
  47 000c 0128     		cmp	r0, #1
  48 000e 19D0     		beq	.L7
  14:Core/Src/switch.c ****     {
  15:Core/Src/switch.c ****         switch_debounce_OnTimer++;
  16:Core/Src/switch.c ****         if(switch_debounce_OnTimer>=50)
  17:Core/Src/switch.c ****         {
  18:Core/Src/switch.c ****             switch_debounce_OnTimer = 0;
  19:Core/Src/switch.c ****             switch_status = 1;
  20:Core/Src/switch.c ****         }
  21:Core/Src/switch.c ****     }
  22:Core/Src/switch.c ****     else
  23:Core/Src/switch.c ****     {
  24:Core/Src/switch.c ****         switch_debounce_OffTimer++;
  49              		.loc 1 24 9 is_stmt 1 view .LVU7
  50              		.loc 1 24 33 is_stmt 0 view .LVU8
  51 0010 204A     		ldr	r2, .L10+4
  52 0012 1368     		ldr	r3, [r2]
  53 0014 0133     		adds	r3, r3, #1
  54 0016 1360     		str	r3, [r2]
  25:Core/Src/switch.c ****         if(switch_debounce_OffTimer>=50)
  55              		.loc 1 25 9 is_stmt 1 view .LVU9
  56              		.loc 1 25 11 is_stmt 0 view .LVU10
  57 0018 312B     		cmp	r3, #49
  58 001a 03D9     		bls	.L3
  26:Core/Src/switch.c ****         {
  27:Core/Src/switch.c ****             switch_debounce_OffTimer = 0;
  59              		.loc 1 27 13 is_stmt 1 view .LVU11
  60              		.loc 1 27 38 is_stmt 0 view .LVU12
  61 001c 0023     		movs	r3, #0
  62 001e 1360     		str	r3, [r2]
  28:Core/Src/switch.c ****             switch_status = 0;
  63              		.loc 1 28 13 is_stmt 1 view .LVU13
  64              		.loc 1 28 27 is_stmt 0 view .LVU14
  65 0020 1D4A     		ldr	r2, .L10+8
  66 0022 1370     		strb	r3, [r2]
  67              	.L3:
  29:Core/Src/switch.c ****         }
  30:Core/Src/switch.c ****     }
  31:Core/Src/switch.c **** 
  32:Core/Src/switch.c ****     if((0 == switch_status)&&(1u == switch_statusOld))
  68              		.loc 1 32 5 is_stmt 1 view .LVU15
  69              		.loc 1 32 11 is_stmt 0 view .LVU16
  70 0024 1C4B     		ldr	r3, .L10+8
  71 0026 1B78     		ldrb	r3, [r3]
  72              		.loc 1 32 7 view .LVU17
  73 0028 002B     		cmp	r3, #0
  74 002a 03D1     		bne	.L4
  75              		.loc 1 32 34 discriminator 1 view .LVU18
  76 002c 1B4A     		ldr	r2, .L10+12
  77 002e 1278     		ldrb	r2, [r2]
  78              		.loc 1 32 28 discriminator 1 view .LVU19
  79 0030 012A     		cmp	r2, #1
  80 0032 14D0     		beq	.L8
  81              	.L4:
  33:Core/Src/switch.c ****     {
  34:Core/Src/switch.c ****         switch_counter++;
ARM GAS  C:\Users\jisu8\AppData\Local\Temp\ccNRzl4I.s 			page 3


  35:Core/Src/switch.c ****         if(switch_counter>5)
  36:Core/Src/switch.c ****         {
  37:Core/Src/switch.c ****             switch_counter = 1;
  38:Core/Src/switch.c ****         }
  39:Core/Src/switch.c ****     }
  40:Core/Src/switch.c ****     switch_statusOld = switch_status;
  82              		.loc 1 40 5 is_stmt 1 view .LVU20
  83              		.loc 1 40 22 is_stmt 0 view .LVU21
  84 0034 194A     		ldr	r2, .L10+12
  85 0036 1370     		strb	r3, [r2]
  41:Core/Src/switch.c **** 
  42:Core/Src/switch.c ****     if(1u == switch_status)
  86              		.loc 1 42 5 is_stmt 1 view .LVU22
  87              		.loc 1 42 7 is_stmt 0 view .LVU23
  88 0038 012B     		cmp	r3, #1
  89 003a 1BD0     		beq	.L9
  43:Core/Src/switch.c ****     {
  44:Core/Src/switch.c ****         switch_timer++;
  45:Core/Src/switch.c ****         if(switch_timer>=3000)
  46:Core/Src/switch.c ****         {
  47:Core/Src/switch.c ****             switch_timer = 3000;
  48:Core/Src/switch.c ****             switch_counter = 0;
  49:Core/Src/switch.c ****         }
  50:Core/Src/switch.c ****     }
  51:Core/Src/switch.c ****     else
  52:Core/Src/switch.c ****     {
  53:Core/Src/switch.c ****         switch_timer = 0;
  90              		.loc 1 53 9 is_stmt 1 view .LVU24
  91              		.loc 1 53 22 is_stmt 0 view .LVU25
  92 003c 184B     		ldr	r3, .L10+16
  93 003e 0022     		movs	r2, #0
  94 0040 1A60     		str	r2, [r3]
  95              	.L1:
  54:Core/Src/switch.c ****     }
  55:Core/Src/switch.c **** }
  96              		.loc 1 55 1 view .LVU26
  97              		@ sp needed
  98 0042 10BD     		pop	{r4, pc}
  99              	.L7:
  15:Core/Src/switch.c ****         if(switch_debounce_OnTimer>=50)
 100              		.loc 1 15 9 is_stmt 1 view .LVU27
  15:Core/Src/switch.c ****         if(switch_debounce_OnTimer>=50)
 101              		.loc 1 15 32 is_stmt 0 view .LVU28
 102 0044 174A     		ldr	r2, .L10+20
 103 0046 1368     		ldr	r3, [r2]
 104 0048 0133     		adds	r3, r3, #1
 105 004a 1360     		str	r3, [r2]
  16:Core/Src/switch.c ****         {
 106              		.loc 1 16 9 is_stmt 1 view .LVU29
  16:Core/Src/switch.c ****         {
 107              		.loc 1 16 11 is_stmt 0 view .LVU30
 108 004c 312B     		cmp	r3, #49
 109 004e E9D9     		bls	.L3
  18:Core/Src/switch.c ****             switch_status = 1;
 110              		.loc 1 18 13 is_stmt 1 view .LVU31
  18:Core/Src/switch.c ****             switch_status = 1;
 111              		.loc 1 18 37 is_stmt 0 view .LVU32
ARM GAS  C:\Users\jisu8\AppData\Local\Temp\ccNRzl4I.s 			page 4


 112 0050 1300     		movs	r3, r2
 113 0052 0022     		movs	r2, #0
 114 0054 1A60     		str	r2, [r3]
  19:Core/Src/switch.c ****         }
 115              		.loc 1 19 13 is_stmt 1 view .LVU33
  19:Core/Src/switch.c ****         }
 116              		.loc 1 19 27 is_stmt 0 view .LVU34
 117 0056 104B     		ldr	r3, .L10+8
 118 0058 0132     		adds	r2, r2, #1
 119 005a 1A70     		strb	r2, [r3]
 120 005c E2E7     		b	.L3
 121              	.L8:
  34:Core/Src/switch.c ****         if(switch_counter>5)
 122              		.loc 1 34 9 is_stmt 1 view .LVU35
  34:Core/Src/switch.c ****         if(switch_counter>5)
 123              		.loc 1 34 23 is_stmt 0 view .LVU36
 124 005e 1249     		ldr	r1, .L10+24
 125 0060 0A78     		ldrb	r2, [r1]
 126 0062 0132     		adds	r2, r2, #1
 127 0064 D2B2     		uxtb	r2, r2
 128 0066 0A70     		strb	r2, [r1]
  35:Core/Src/switch.c ****         {
 129              		.loc 1 35 9 is_stmt 1 view .LVU37
  35:Core/Src/switch.c ****         {
 130              		.loc 1 35 11 is_stmt 0 view .LVU38
 131 0068 052A     		cmp	r2, #5
 132 006a E3D9     		bls	.L4
  37:Core/Src/switch.c ****         }
 133              		.loc 1 37 13 is_stmt 1 view .LVU39
  37:Core/Src/switch.c ****         }
 134              		.loc 1 37 28 is_stmt 0 view .LVU40
 135 006c 0A00     		movs	r2, r1
 136 006e 0121     		movs	r1, #1
 137 0070 1170     		strb	r1, [r2]
 138 0072 DFE7     		b	.L4
 139              	.L9:
  44:Core/Src/switch.c ****         if(switch_timer>=3000)
 140              		.loc 1 44 9 is_stmt 1 view .LVU41
  44:Core/Src/switch.c ****         if(switch_timer>=3000)
 141              		.loc 1 44 21 is_stmt 0 view .LVU42
 142 0074 0A4A     		ldr	r2, .L10+16
 143 0076 1368     		ldr	r3, [r2]
 144 0078 0133     		adds	r3, r3, #1
 145 007a 1360     		str	r3, [r2]
  45:Core/Src/switch.c ****         {
 146              		.loc 1 45 9 is_stmt 1 view .LVU43
  45:Core/Src/switch.c ****         {
 147              		.loc 1 45 11 is_stmt 0 view .LVU44
 148 007c 0B4A     		ldr	r2, .L10+28
 149 007e 9342     		cmp	r3, r2
 150 0080 DFD9     		bls	.L1
  47:Core/Src/switch.c ****             switch_counter = 0;
 151              		.loc 1 47 13 is_stmt 1 view .LVU45
  47:Core/Src/switch.c ****             switch_counter = 0;
 152              		.loc 1 47 26 is_stmt 0 view .LVU46
 153 0082 074B     		ldr	r3, .L10+16
 154 0084 0A4A     		ldr	r2, .L10+32
ARM GAS  C:\Users\jisu8\AppData\Local\Temp\ccNRzl4I.s 			page 5


 155 0086 1A60     		str	r2, [r3]
  48:Core/Src/switch.c ****         }
 156              		.loc 1 48 13 is_stmt 1 view .LVU47
  48:Core/Src/switch.c ****         }
 157              		.loc 1 48 28 is_stmt 0 view .LVU48
 158 0088 074B     		ldr	r3, .L10+24
 159 008a 0022     		movs	r2, #0
 160 008c 1A70     		strb	r2, [r3]
 161 008e D8E7     		b	.L1
 162              	.L11:
 163              		.align	2
 164              	.L10:
 165 0090 00080048 		.word	1207961600
 166 0094 00000000 		.word	.LANCHOR2
 167 0098 00000000 		.word	.LANCHOR1
 168 009c 00000000 		.word	.LANCHOR3
 169 00a0 00000000 		.word	.LANCHOR5
 170 00a4 00000000 		.word	.LANCHOR0
 171 00a8 00000000 		.word	.LANCHOR4
 172 00ac B70B0000 		.word	2999
 173 00b0 B80B0000 		.word	3000
 174              		.cfi_endproc
 175              	.LFE40:
 177              		.section	.text.PWM_Output,"ax",%progbits
 178              		.align	1
 179              		.global	PWM_Output
 180              		.syntax unified
 181              		.code	16
 182              		.thumb_func
 183              		.fpu softvfp
 185              	PWM_Output:
 186              	.LFB41:
  56:Core/Src/switch.c **** 
  57:Core/Src/switch.c **** void PWM_Output(void)
  58:Core/Src/switch.c **** {
 187              		.loc 1 58 1 is_stmt 1 view -0
 188              		.cfi_startproc
 189              		@ args = 0, pretend = 0, frame = 0
 190              		@ frame_needed = 0, uses_anonymous_args = 0
 191              		@ link register save eliminated.
  59:Core/Src/switch.c ****     switch(switch_counter)
 192              		.loc 1 59 5 view .LVU50
 193 0000 104B     		ldr	r3, .L21
 194 0002 1B78     		ldrb	r3, [r3]
 195 0004 052B     		cmp	r3, #5
 196 0006 18D8     		bhi	.L13
 197 0008 9B00     		lsls	r3, r3, #2
 198 000a 0F4A     		ldr	r2, .L21+4
 199 000c D358     		ldr	r3, [r2, r3]
 200 000e 9F46     		mov	pc, r3
 201              		.section	.rodata.PWM_Output,"a",%progbits
 202              		.align	2
 203              	.L15:
 204 0000 3A000000 		.word	.L13
 205 0004 10000000 		.word	.L19
 206 0008 18000000 		.word	.L18
 207 000c 22000000 		.word	.L17
ARM GAS  C:\Users\jisu8\AppData\Local\Temp\ccNRzl4I.s 			page 6


 208 0010 2A000000 		.word	.L16
 209 0014 32000000 		.word	.L14
 210              		.section	.text.PWM_Output
 211              	.L19:
  60:Core/Src/switch.c ****     {
  61:Core/Src/switch.c ****         case 1:
  62:Core/Src/switch.c ****             TIM3->CCR1 = PWM_DUTY_20;
 212              		.loc 1 62 13 view .LVU51
 213              		.loc 1 62 24 is_stmt 0 view .LVU52
 214 0010 0E4B     		ldr	r3, .L21+8
 215 0012 C722     		movs	r2, #199
 216 0014 5A63     		str	r2, [r3, #52]
  63:Core/Src/switch.c ****         break;
 217              		.loc 1 63 9 is_stmt 1 view .LVU53
 218              	.L12:
  64:Core/Src/switch.c ****         case 2:
  65:Core/Src/switch.c ****             TIM3->CCR1 = PWM_DUTY_40;
  66:Core/Src/switch.c ****         break;
  67:Core/Src/switch.c ****         case 3:
  68:Core/Src/switch.c ****             TIM3->CCR1 = PWM_DUTY_60;
  69:Core/Src/switch.c ****         break;
  70:Core/Src/switch.c ****         case 4:
  71:Core/Src/switch.c ****             TIM3->CCR1 = PWM_DUTY_80;
  72:Core/Src/switch.c ****         break; 
  73:Core/Src/switch.c ****         case 5:
  74:Core/Src/switch.c ****             TIM3->CCR1 = PWM_DUTY_100;
  75:Core/Src/switch.c ****         break;
  76:Core/Src/switch.c ****         default :
  77:Core/Src/switch.c ****             TIM3->CCR1 = PWM_DUTY_0;
  78:Core/Src/switch.c ****         break;
  79:Core/Src/switch.c ****     }
  80:Core/Src/switch.c **** }...
 219              		.loc 1 80 1 is_stmt 0 view .LVU54
 220              		@ sp needed
 221 0016 7047     		bx	lr
 222              	.L18:
  65:Core/Src/switch.c ****             TIM3->CCR1 = PWM_DUTY_40;
 223              		.loc 1 65 13 is_stmt 1 view .LVU55
  65:Core/Src/switch.c ****             TIM3->CCR1 = PWM_DUTY_40;
 224              		.loc 1 65 24 is_stmt 0 view .LVU56
 225 0018 0C4B     		ldr	r3, .L21+8
 226 001a 9022     		movs	r2, #144
 227 001c FF32     		adds	r2, r2, #255
 228 001e 5A63     		str	r2, [r3, #52]
  66:Core/Src/switch.c ****         break;
 229              		.loc 1 66 9 is_stmt 1 view .LVU57
 230 0020 F9E7     		b	.L12
 231              	.L17:
  68:Core/Src/switch.c ****             TIM3->CCR1 = PWM_DUTY_60;
 232              		.loc 1 68 13 view .LVU58
  68:Core/Src/switch.c ****             TIM3->CCR1 = PWM_DUTY_60;
 233              		.loc 1 68 24 is_stmt 0 view .LVU59
 234 0022 0A4B     		ldr	r3, .L21+8
 235 0024 0A4A     		ldr	r2, .L21+12
 236 0026 5A63     		str	r2, [r3, #52]
  69:Core/Src/switch.c ****         break;
 237              		.loc 1 69 9 is_stmt 1 view .LVU60
ARM GAS  C:\Users\jisu8\AppData\Local\Temp\ccNRzl4I.s 			page 7


 238 0028 F5E7     		b	.L12
 239              	.L16:
  71:Core/Src/switch.c ****             TIM3->CCR1 = PWM_DUTY_80;
 240              		.loc 1 71 13 view .LVU61
  71:Core/Src/switch.c ****             TIM3->CCR1 = PWM_DUTY_80;
 241              		.loc 1 71 24 is_stmt 0 view .LVU62
 242 002a 084B     		ldr	r3, .L21+8
 243 002c 094A     		ldr	r2, .L21+16
 244 002e 5A63     		str	r2, [r3, #52]
  72:Core/Src/switch.c ****         break; 
 245              		.loc 1 72 9 is_stmt 1 view .LVU63
 246 0030 F1E7     		b	.L12
 247              	.L14:
  74:Core/Src/switch.c ****             TIM3->CCR1 = PWM_DUTY_100;
 248              		.loc 1 74 13 view .LVU64
  74:Core/Src/switch.c ****             TIM3->CCR1 = PWM_DUTY_100;
 249              		.loc 1 74 24 is_stmt 0 view .LVU65
 250 0032 064B     		ldr	r3, .L21+8
 251 0034 084A     		ldr	r2, .L21+20
 252 0036 5A63     		str	r2, [r3, #52]
  75:Core/Src/switch.c ****         break;
 253              		.loc 1 75 9 is_stmt 1 view .LVU66
 254 0038 EDE7     		b	.L12
 255              	.L13:
  77:Core/Src/switch.c ****             TIM3->CCR1 = PWM_DUTY_0;
 256              		.loc 1 77 13 view .LVU67
  77:Core/Src/switch.c ****             TIM3->CCR1 = PWM_DUTY_0;
 257              		.loc 1 77 24 is_stmt 0 view .LVU68
 258 003a 044B     		ldr	r3, .L21+8
 259 003c 0022     		movs	r2, #0
 260 003e 5A63     		str	r2, [r3, #52]
  78:Core/Src/switch.c ****         break;
 261              		.loc 1 78 9 is_stmt 1 view .LVU69
 262              		.loc 1 80 1 is_stmt 0 view .LVU70
 263 0040 E9E7     		b	.L12
 264              	.L22:
 265 0042 C046     		.align	2
 266              	.L21:
 267 0044 00000000 		.word	.LANCHOR4
 268 0048 00000000 		.word	.L15
 269 004c 00040040 		.word	1073742848
 270 0050 57020000 		.word	599
 271 0054 1F030000 		.word	799
 272 0058 E7030000 		.word	999
 273              		.cfi_endproc
 274              	.LFE41:
 276              		.global	switch_counter
 277              		.global	switch_status
 278              		.global	switch_timer
 279              		.global	switch_debounce_OffTimer
 280              		.global	switch_debounce_OnTimer
 281              		.section	.bss.switch_counter,"aw",%nobits
 282              		.set	.LANCHOR4,. + 0
 285              	switch_counter:
 286 0000 00       		.space	1
 287              		.section	.bss.switch_debounce_OffTimer,"aw",%nobits
 288              		.align	2
ARM GAS  C:\Users\jisu8\AppData\Local\Temp\ccNRzl4I.s 			page 8


 289              		.set	.LANCHOR2,. + 0
 292              	switch_debounce_OffTimer:
 293 0000 00000000 		.space	4
 294              		.section	.bss.switch_debounce_OnTimer,"aw",%nobits
 295              		.align	2
 296              		.set	.LANCHOR0,. + 0
 299              	switch_debounce_OnTimer:
 300 0000 00000000 		.space	4
 301              		.section	.bss.switch_status,"aw",%nobits
 302              		.set	.LANCHOR1,. + 0
 305              	switch_status:
 306 0000 00       		.space	1
 307              		.section	.bss.switch_statusOld.0,"aw",%nobits
 308              		.set	.LANCHOR3,. + 0
 311              	switch_statusOld.0:
 312 0000 00       		.space	1
 313              		.section	.bss.switch_timer,"aw",%nobits
 314              		.align	2
 315              		.set	.LANCHOR5,. + 0
 318              	switch_timer:
 319 0000 00000000 		.space	4
 320              		.text
 321              	.Letext0:
 322              		.file 2 "d:\\3.tools\\arm_gcc_toolchain\\20_q4_major\\arm-none-eabi\\include\\machine\\_default_ty
 323              		.file 3 "d:\\3.tools\\arm_gcc_toolchain\\20_q4_major\\arm-none-eabi\\include\\sys\\_stdint.h"
 324              		.file 4 "Drivers/CMSIS/Device/ST/STM32F0xx/Include/stm32f070xb.h"
 325              		.file 5 "Core/Inc/vardef.h"
 326              		.file 6 "Drivers/STM32F0xx_HAL_Driver/Inc/stm32f0xx_hal_gpio.h"
ARM GAS  C:\Users\jisu8\AppData\Local\Temp\ccNRzl4I.s 			page 9


DEFINED SYMBOLS
                            *ABS*:00000000 switch.c
C:\Users\jisu8\AppData\Local\Temp\ccNRzl4I.s:16     .text.Switch_Read:00000000 $t
C:\Users\jisu8\AppData\Local\Temp\ccNRzl4I.s:24     .text.Switch_Read:00000000 Switch_Read
C:\Users\jisu8\AppData\Local\Temp\ccNRzl4I.s:165    .text.Switch_Read:00000090 $d
C:\Users\jisu8\AppData\Local\Temp\ccNRzl4I.s:178    .text.PWM_Output:00000000 $t
C:\Users\jisu8\AppData\Local\Temp\ccNRzl4I.s:185    .text.PWM_Output:00000000 PWM_Output
C:\Users\jisu8\AppData\Local\Temp\ccNRzl4I.s:202    .rodata.PWM_Output:00000000 $d
C:\Users\jisu8\AppData\Local\Temp\ccNRzl4I.s:267    .text.PWM_Output:00000044 $d
C:\Users\jisu8\AppData\Local\Temp\ccNRzl4I.s:285    .bss.switch_counter:00000000 switch_counter
C:\Users\jisu8\AppData\Local\Temp\ccNRzl4I.s:305    .bss.switch_status:00000000 switch_status
C:\Users\jisu8\AppData\Local\Temp\ccNRzl4I.s:318    .bss.switch_timer:00000000 switch_timer
C:\Users\jisu8\AppData\Local\Temp\ccNRzl4I.s:292    .bss.switch_debounce_OffTimer:00000000 switch_debounce_OffTimer
C:\Users\jisu8\AppData\Local\Temp\ccNRzl4I.s:299    .bss.switch_debounce_OnTimer:00000000 switch_debounce_OnTimer
C:\Users\jisu8\AppData\Local\Temp\ccNRzl4I.s:286    .bss.switch_counter:00000000 $d
C:\Users\jisu8\AppData\Local\Temp\ccNRzl4I.s:288    .bss.switch_debounce_OffTimer:00000000 $d
C:\Users\jisu8\AppData\Local\Temp\ccNRzl4I.s:295    .bss.switch_debounce_OnTimer:00000000 $d
C:\Users\jisu8\AppData\Local\Temp\ccNRzl4I.s:306    .bss.switch_status:00000000 $d
C:\Users\jisu8\AppData\Local\Temp\ccNRzl4I.s:311    .bss.switch_statusOld.0:00000000 switch_statusOld.0
C:\Users\jisu8\AppData\Local\Temp\ccNRzl4I.s:312    .bss.switch_statusOld.0:00000000 $d
C:\Users\jisu8\AppData\Local\Temp\ccNRzl4I.s:314    .bss.switch_timer:00000000 $d

UNDEFINED SYMBOLS
HAL_GPIO_ReadPin
